# JRE version: OpenJDK Runtime Environment (8.0_152-b02) (build 1.8.0_152-release-1024-b02)
# Java VM: OpenJDK 64-Bit Server VM (25.152-b02 mixed mode windows-amd64 compressed oops)
Heap:
 PSYoungGen      total 439296K, used 226047K [0x00000000e0000000, 0x00000000fe900000, 0x0000000100000000)
  eden space 430080K, 50% used [0x00000000e0000000,0x00000000ed3c1c28,0x00000000fa400000)
  from space 9216K, 99% used [0x00000000fb500000,0x00000000fbdfe230,0x00000000fbe00000)
  to   space 35328K, 0% used [0x00000000fc680000,0x00000000fc680000,0x00000000fe900000)
 ParOldGen       total 155136K, used 74613K [0x00000000a0000000, 0x00000000a9780000, 0x00000000e0000000)
  object space 155136K, 48% used [0x00000000a0000000,0x00000000a48dd6f8,0x00000000a9780000)
 Metaspace       used 84854K, capacity 90620K, committed 90840K, reserved 1128448K
  class space    used 10700K, capacity 11957K, committed 12032K, reserved 1048576K
GC Heap History (10 events):
Event: 2414.043 GC heap before
{Heap before GC invocations=32 (full 3):
 PSYoungGen      total 475136K, used 460084K [0x00000000e0000000, 0x00000000ffc00000, 0x0000000100000000)
  eden space 438272K, 99% used [0x00000000e0000000,0x00000000fab52120,0x00000000fac00000)
  from space 36864K, 61% used [0x00000000fd800000,0x00000000fedfaf58,0x00000000ffc00000)
  to   space 40960K, 0% used [0x00000000fac00000,0x00000000fac00000,0x00000000fd400000)
 ParOldGen       total 155136K, used 73013K [0x00000000a0000000, 0x00000000a9780000, 0x00000000e0000000)
  object space 155136K, 47% used [0x00000000a0000000,0x00000000a474d688,0x00000000a9780000)
 Metaspace       used 83702K, capacity 88616K, committed 88664K, reserved 1126400K
  class space    used 10571K, capacity 11605K, committed 11648K, reserved 1048576K
Event: 2414.081 GC heap after
Heap after GC invocations=32 (full 3):
 PSYoungGen      total 479232K, used 10099K [0x00000000e0000000, 0x0000000100000000, 0x0000000100000000)
  eden space 438272K, 0% used [0x00000000e0000000,0x00000000e0000000,0x00000000fac00000)
  from space 40960K, 24% used [0x00000000fac00000,0x00000000fb5dcd68,0x00000000fd400000)
  to   space 39936K, 0% used [0x00000000fd900000,0x00000000fd900000,0x0000000100000000)
 ParOldGen       total 155136K, used 73413K [0x00000000a0000000, 0x00000000a9780000, 0x00000000e0000000)
  object space 155136K, 47% used [0x00000000a0000000,0x00000000a47b16a8,0x00000000a9780000)
 Metaspace       used 83702K, capacity 88616K, committed 88664K, reserved 1126400K
  class space    used 10571K, capacity 11605K, committed 11648K, reserved 1048576K
}
Event: 2827.794 GC heap before
{Heap before GC invocations=33 (full 3):
 PSYoungGen      total 479232K, used 448371K [0x00000000e0000000, 0x0000000100000000, 0x0000000100000000)
  eden space 438272K, 100% used [0x00000000e0000000,0x00000000fac00000,0x00000000fac00000)
  from space 40960K, 24% used [0x00000000fac00000,0x00000000fb5dcd68,0x00000000fd400000)
  to   space 39936K, 0% used [0x00000000fd900000,0x00000000fd900000,0x0000000100000000)
 ParOldGen       total 155136K, used 73413K [0x00000000a0000000, 0x00000000a9780000, 0x00000000e0000000)
  object space 155136K, 47% used [0x00000000a0000000,0x00000000a47b16a8,0x00000000a9780000)
 Metaspace       used 84072K, capacity 89412K, committed 89560K, reserved 1126400K
  class space    used 10631K, capacity 11735K, committed 11776K, reserved 1048576K
Event: 2827.808 GC heap after
Heap after GC invocations=33 (full 3):
 PSYoungGen      total 480256K, used 7474K [0x00000000e0000000, 0x00000000ffd00000, 0x0000000100000000)
  eden space 443392K, 0% used [0x00000000e0000000,0x00000000e0000000,0x00000000fb100000)
  from space 36864K, 20% used [0x00000000fd900000,0x00000000fe04ca68,0x00000000ffd00000)
  to   space 38912K, 0% used [0x00000000fb100000,0x00000000fb100000,0x00000000fd700000)
 ParOldGen       total 155136K, used 74533K [0x00000000a0000000, 0x00000000a9780000, 0x00000000e0000000)
  object space 155136K, 48% used [0x00000000a0000000,0x00000000a48c96f8,0x00000000a9780000)
 Metaspace       used 84072K, capacity 89412K, committed 89560K, reserved 1126400K
  class space    used 10631K, capacity 11735K, committed 11776K, reserved 1048576K
}
Event: 3310.619 GC heap before
{Heap before GC invocations=34 (full 3):
 PSYoungGen      total 480256K, used 450744K [0x00000000e0000000, 0x00000000ffd00000, 0x0000000100000000)
  eden space 443392K, 99% used [0x00000000e0000000,0x00000000fb0e1928,0x00000000fb100000)
  from space 36864K, 20% used [0x00000000fd900000,0x00000000fe04ca68,0x00000000ffd00000)
  to   space 38912K, 0% used [0x00000000fb100000,0x00000000fb100000,0x00000000fd700000)
 ParOldGen       total 155136K, used 74533K [0x00000000a0000000, 0x00000000a9780000, 0x00000000e0000000)
  object space 155136K, 48% used [0x00000000a0000000,0x00000000a48c96f8,0x00000000a9780000)
 Metaspace       used 84227K, capacity 89624K, committed 89944K, reserved 1128448K
  class space    used 10644K, capacity 11777K, committed 11904K, reserved 1048576K
Event: 3310.633 GC heap after
Heap after GC invocations=34 (full 3):
 PSYoungGen      total 482304K, used 8647K [0x00000000e0000000, 0x0000000100000000, 0x0000000100000000)
  eden space 443392K, 0% used [0x00000000e0000000,0x00000000e0000000,0x00000000fb100000)
  from space 38912K, 22% used [0x00000000fb100000,0x00000000fb971e28,0x00000000fd700000)
  to   space 37888K, 0% used [0x00000000fdb00000,0x00000000fdb00000,0x0000000100000000)
 ParOldGen       total 155136K, used 74597K [0x00000000a0000000, 0x00000000a9780000, 0x00000000e0000000)
  object space 155136K, 48% used [0x00000000a0000000,0x00000000a48d96f8,0x00000000a9780000)
 Metaspace       used 84227K, capacity 89624K, committed 89944K, reserved 1128448K
  class space    used 10644K, capacity 11777K, committed 11904K, reserved 1048576K
}
Event: 3327.281 GC heap before
{Heap before GC invocations=35 (full 3):
 PSYoungGen      total 482304K, used 451167K [0x00000000e0000000, 0x0000000100000000, 0x0000000100000000)
  eden space 443392K, 99% used [0x00000000e0000000,0x00000000fb025f90,0x00000000fb100000)
  from space 38912K, 22% used [0x00000000fb100000,0x00000000fb971e28,0x00000000fd700000)
  to   space 37888K, 0% used [0x00000000fdb00000,0x00000000fdb00000,0x0000000100000000)
 ParOldGen       total 155136K, used 74597K [0x00000000a0000000, 0x00000000a9780000, 0x00000000e0000000)
  object space 155136K, 48% used [0x00000000a0000000,0x00000000a48d96f8,0x00000000a9780000)
 Metaspace       used 84412K, capacity 89884K, committed 90200K, reserved 1128448K
  class space    used 10657K, capacity 11819K, committed 11904K, reserved 1048576K
Event: 3327.295 GC heap after
Heap after GC invocations=35 (full 3):
 PSYoungGen      total 482304K, used 8040K [0x00000000e0000000, 0x00000000ffd00000, 0x0000000100000000)
  eden space 447488K, 0% used [0x00000000e0000000,0x00000000e0000000,0x00000000fb500000)
  from space 34816K, 23% used [0x00000000fdb00000,0x00000000fe2da358,0x00000000ffd00000)
  to   space 36864K, 0% used [0x00000000fb500000,0x00000000fb500000,0x00000000fd900000)
 ParOldGen       total 155136K, used 74605K [0x00000000a0000000, 0x00000000a9780000, 0x00000000e0000000)
  object space 155136K, 48% used [0x00000000a0000000,0x00000000a48db6f8,0x00000000a9780000)
 Metaspace       used 84412K, capacity 89884K, committed 90200K, reserved 1128448K
  class space    used 10657K, capacity 11819K, committed 11904K, reserved 1048576K
}
Event: 3371.773 GC heap before
{Heap before GC invocations=36 (full 3):
 PSYoungGen      total 482304K, used 455528K [0x00000000e0000000, 0x00000000ffd00000, 0x0000000100000000)
  eden space 447488K, 100% used [0x00000000e0000000,0x00000000fb500000,0x00000000fb500000)
  from space 34816K, 23% used [0x00000000fdb00000,0x00000000fe2da358,0x00000000ffd00000)
  to   space 36864K, 0% used [0x00000000fb500000,0x00000000fb500000,0x00000000fd900000)
 ParOldGen       total 155136K, used 74605K [0x00000000a0000000, 0x00000000a9780000, 0x00000000e0000000)
  object space 155136K, 48% used [0x00000000a0000000,0x00000000a48db6f8,0x00000000a9780000)
 Metaspace       used 84752K, capacity 90496K, committed 90840K, reserved 1128448K
  class space    used 10689K, capacity 11917K, committed 12032K, reserved 1048576K
Event: 3371.804 GC heap after
Heap after GC invocations=36 (full 3):
 PSYoungGen      total 439296K, used 9208K [0x00000000e0000000, 0x00000000fe900000, 0x0000000100000000)
  eden space 430080K, 0% used [0x00000000e0000000,0x00000000e0000000,0x00000000fa400000)
  from space 9216K, 99% used [0x00000000fb500000,0x00000000fbdfe230,0x00000000fbe00000)
  to   space 35328K, 0% used [0x00000000fc680000,0x00000000fc680000,0x00000000fe900000)
 ParOldGen       total 155136K, used 74613K [0x00000000a0000000, 0x00000000a9780000, 0x00000000e0000000)
  object space 155136K, 48% used [0x00000000a0000000,0x00000000a48dd6f8,0x00000000a9780000)
 Metaspace       used 84752K, capacity 90496K, committed 90840K, reserved 1128448K
  class space    used 10689K, capacity 11917K, committed 12032K, reserved 1048576K
}

