# JRE version: OpenJDK Runtime Environment (8.0_152-b02) (build 1.8.0_152-release-1024-b02)
# Java VM: OpenJDK 64-Bit Server VM (25.152-b02 mixed mode windows-amd64 compressed oops)
Heap:
 PSYoungGen      total 492544K, used 458065K [0x00000000e0000000, 0x0000000100000000, 0x0000000100000000)
  eden space 463360K, 98% used [0x00000000e0000000,0x00000000fbf545a8,0x00000000fc480000)
  from space 29184K, 0% used [0x00000000fe180000,0x00000000fe180000,0x00000000ffe00000)
  to   space 29696K, 0% used [0x00000000fc480000,0x00000000fc480000,0x00000000fe180000)
 ParOldGen       total 173056K, used 58908K [0x00000000a0000000, 0x00000000aa900000, 0x00000000e0000000)
  object space 173056K, 34% used [0x00000000a0000000,0x00000000a39872e8,0x00000000aa900000)
 Metaspace       used 111094K, capacity 116934K, committed 117068K, reserved 1150976K
  class space    used 14459K, capacity 15716K, committed 15732K, reserved 1048576K
GC Heap History (10 events):
Event: 129.375 GC heap before
{Heap before GC invocations=18 (full 3):
 PSYoungGen      total 325632K, used 324766K [0x00000000e0000000, 0x00000000f5d80000, 0x0000000100000000)
  eden space 305664K, 99% used [0x00000000e0000000,0x00000000f29af028,0x00000000f2a80000)
  from space 19968K, 99% used [0x00000000f4380000,0x00000000f56f8b70,0x00000000f5700000)
  to   space 25600K, 0% used [0x00000000f2a80000,0x00000000f2a80000,0x00000000f4380000)
 ParOldGen       total 143872K, used 49224K [0x00000000a0000000, 0x00000000a8c80000, 0x00000000e0000000)
  object space 143872K, 34% used [0x00000000a0000000,0x00000000a30123a0,0x00000000a8c80000)
 Metaspace       used 78305K, capacity 81560K, committed 81684K, reserved 1120256K
  class space    used 10066K, capacity 10737K, committed 10812K, reserved 1048576K
Event: 129.423 GC heap after
Heap after GC invocations=18 (full 3):
 PSYoungGen      total 331264K, used 25587K [0x00000000e0000000, 0x00000000fa480000, 0x0000000100000000)
  eden space 305664K, 0% used [0x00000000e0000000,0x00000000e0000000,0x00000000f2a80000)
  from space 25600K, 99% used [0x00000000f2a80000,0x00000000f437cd28,0x00000000f4380000)
  to   space 30720K, 0% used [0x00000000f8680000,0x00000000f8680000,0x00000000fa480000)
 ParOldGen       total 143872K, used 53427K [0x00000000a0000000, 0x00000000a8c80000, 0x00000000e0000000)
  object space 143872K, 37% used [0x00000000a0000000,0x00000000a342cd70,0x00000000a8c80000)
 Metaspace       used 78305K, capacity 81560K, committed 81684K, reserved 1120256K
  class space    used 10066K, capacity 10737K, committed 10812K, reserved 1048576K
}
Event: 129.464 GC heap before
{Heap before GC invocations=19 (full 3):
 PSYoungGen      total 331264K, used 330488K [0x00000000e0000000, 0x00000000fa480000, 0x0000000100000000)
  eden space 305664K, 99% used [0x00000000e0000000,0x00000000f29c1360,0x00000000f2a80000)
  from space 25600K, 99% used [0x00000000f2a80000,0x00000000f437cd28,0x00000000f4380000)
  to   space 30720K, 0% used [0x00000000f8680000,0x00000000f8680000,0x00000000fa480000)
 ParOldGen       total 143872K, used 53427K [0x00000000a0000000, 0x00000000a8c80000, 0x00000000e0000000)
  object space 143872K, 37% used [0x00000000a0000000,0x00000000a342cd70,0x00000000a8c80000)
 Metaspace       used 78316K, capacity 81624K, committed 81940K, reserved 1120256K
  class space    used 10066K, capacity 10737K, committed 10812K, reserved 1048576K
Event: 129.497 GC heap after
Heap after GC invocations=19 (full 3):
 PSYoungGen      total 400896K, used 11707K [0x00000000e0000000, 0x0000000100000000, 0x0000000100000000)
  eden space 370176K, 0% used [0x00000000e0000000,0x00000000e0000000,0x00000000f6980000)
  from space 30720K, 38% used [0x00000000f8680000,0x00000000f91eed40,0x00000000fa480000)
  to   space 29696K, 0% used [0x00000000f6980000,0x00000000f6980000,0x00000000f8680000)
 ParOldGen       total 143872K, used 64186K [0x00000000a0000000, 0x00000000a8c80000, 0x00000000e0000000)
  object space 143872K, 44% used [0x00000000a0000000,0x00000000a3eaebf8,0x00000000a8c80000)
 Metaspace       used 78316K, capacity 81624K, committed 81940K, reserved 1120256K
  class space    used 10066K, capacity 10737K, committed 10812K, reserved 1048576K
}
Event: 687.573 GC heap before
{Heap before GC invocations=20 (full 3):
 PSYoungGen      total 400896K, used 381883K [0x00000000e0000000, 0x0000000100000000, 0x0000000100000000)
  eden space 370176K, 100% used [0x00000000e0000000,0x00000000f6980000,0x00000000f6980000)
  from space 30720K, 38% used [0x00000000f8680000,0x00000000f91eed40,0x00000000fa480000)
  to   space 29696K, 0% used [0x00000000f6980000,0x00000000f6980000,0x00000000f8680000)
 ParOldGen       total 143872K, used 64186K [0x00000000a0000000, 0x00000000a8c80000, 0x00000000e0000000)
  object space 143872K, 44% used [0x00000000a0000000,0x00000000a3eaebf8,0x00000000a8c80000)
 Metaspace       used 82101K, capacity 86056K, committed 86164K, reserved 1124352K
  class space    used 10586K, capacity 11445K, committed 11452K, reserved 1048576K
Event: 687.612 GC heap after
Heap after GC invocations=20 (full 3):
 PSYoungGen      total 399872K, used 8159K [0x00000000e0000000, 0x00000000ffe00000, 0x0000000100000000)
  eden space 370176K, 0% used [0x00000000e0000000,0x00000000e0000000,0x00000000f6980000)
  from space 29696K, 27% used [0x00000000f6980000,0x00000000f7177ea8,0x00000000f8680000)
  to   space 29184K, 0% used [0x00000000fe180000,0x00000000fe180000,0x00000000ffe00000)
 ParOldGen       total 143872K, used 74628K [0x00000000a0000000, 0x00000000a8c80000, 0x00000000e0000000)
  object space 143872K, 51% used [0x00000000a0000000,0x00000000a48e11b8,0x00000000a8c80000)
 Metaspace       used 82101K, capacity 86056K, committed 86164K, reserved 1124352K
  class space    used 10586K, capacity 11445K, committed 11452K, reserved 1048576K
}
Event: 700.420 GC heap before
{Heap before GC invocations=21 (full 3):
 PSYoungGen      total 399872K, used 164278K [0x00000000e0000000, 0x00000000ffe00000, 0x0000000100000000)
  eden space 370176K, 42% used [0x00000000e0000000,0x00000000e9875c90,0x00000000f6980000)
  from space 29696K, 27% used [0x00000000f6980000,0x00000000f7177ea8,0x00000000f8680000)
  to   space 29184K, 0% used [0x00000000fe180000,0x00000000fe180000,0x00000000ffe00000)
 ParOldGen       total 143872K, used 74628K [0x00000000a0000000, 0x00000000a8c80000, 0x00000000e0000000)
  object space 143872K, 51% used [0x00000000a0000000,0x00000000a48e11b8,0x00000000a8c80000)
 Metaspace       used 93480K, capacity 98256K, committed 98380K, reserved 1134592K
  class space    used 12160K, capacity 13150K, committed 13172K, reserved 1048576K
Event: 700.466 GC heap after
Heap after GC invocations=21 (full 3):
 PSYoungGen      total 492544K, used 19890K [0x00000000e0000000, 0x0000000100000000, 0x0000000100000000)
  eden space 463360K, 0% used [0x00000000e0000000,0x00000000e0000000,0x00000000fc480000)
  from space 29184K, 68% used [0x00000000fe180000,0x00000000ff4ec8b8,0x00000000ffe00000)
  to   space 29696K, 0% used [0x00000000fc480000,0x00000000fc480000,0x00000000fe180000)
 ParOldGen       total 143872K, used 78884K [0x00000000a0000000, 0x00000000a8c80000, 0x00000000e0000000)
  object space 143872K, 54% used [0x00000000a0000000,0x00000000a4d09160,0x00000000a8c80000)
 Metaspace       used 93480K, capacity 98256K, committed 98380K, reserved 1134592K
  class space    used 12160K, capacity 13150K, committed 13172K, reserved 1048576K
}
Event: 700.466 GC heap before
{Heap before GC invocations=22 (full 4):
 PSYoungGen      total 492544K, used 19890K [0x00000000e0000000, 0x0000000100000000, 0x0000000100000000)
  eden space 463360K, 0% used [0x00000000e0000000,0x00000000e0000000,0x00000000fc480000)
  from space 29184K, 68% used [0x00000000fe180000,0x00000000ff4ec8b8,0x00000000ffe00000)
  to   space 29696K, 0% used [0x00000000fc480000,0x00000000fc480000,0x00000000fe180000)
 ParOldGen       total 143872K, used 78884K [0x00000000a0000000, 0x00000000a8c80000, 0x00000000e0000000)
  object space 143872K, 54% used [0x00000000a0000000,0x00000000a4d09160,0x00000000a8c80000)
 Metaspace       used 93480K, capacity 98256K, committed 98380K, reserved 1134592K
  class space    used 12160K, capacity 13150K, committed 13172K, reserved 1048576K
Event: 700.901 GC heap after
Heap after GC invocations=22 (full 4):
 PSYoungGen      total 492544K, used 0K [0x00000000e0000000, 0x0000000100000000, 0x0000000100000000)
  eden space 463360K, 0% used [0x00000000e0000000,0x00000000e0000000,0x00000000fc480000)
  from space 29184K, 0% used [0x00000000fe180000,0x00000000fe180000,0x00000000ffe00000)
  to   space 29696K, 0% used [0x00000000fc480000,0x00000000fc480000,0x00000000fe180000)
 ParOldGen       total 173056K, used 58908K [0x00000000a0000000, 0x00000000aa900000, 0x00000000e0000000)
  object space 173056K, 34% used [0x00000000a0000000,0x00000000a39872e8,0x00000000aa900000)
 Metaspace       used 93371K, capacity 97964K, committed 98380K, reserved 1134592K
  class space    used 12122K, capacity 13084K, committed 13172K, reserved 1048576K
}

